m4-assignment-diamond-sizes-skeleton/app/build/intermediates/manifest_merge_blame_file/debug/manifest-merger-blame-debug-report.txt
1<?xml version="1.0" encoding="utf-8"?>
2<manifest xmlns:android="http://schemas.android.com/apk/res/android"
3    package="mooc.vandy.java4android.diamonds"
4    android:versionCode="1"
5    android:versionName="1.0" >
6
7    <uses-sdk
8        android:minSdkVersion="22"
8-->src/main/AndroidManifest.xml
9        android:targetSdkVersion="28" />
9-->src/main/AndroidManifest.xml
10
11    <application
11-->src/main/AndroidManifest.xml:5:5-18:19
12        android:allowBackup="true"
12-->src/main/AndroidManifest.xml:6:9-35
13        android:appComponentFactory="androidx.core.app.CoreComponentFactory"
13-->[androidx.core:core:1.1.0-alpha01] AndroidManifest.xml:22:18-86
14        android:debuggable="true"
15        android:icon="@mipmap/ic_launcher"
15-->src/main/AndroidManifest.xml:7:9-43
16        android:label="@string/app_name"
16-->src/main/AndroidManifest.xml:8:9-41
17        android:supportsRtl="true"
17-->src/main/AndroidManifest.xml:9:9-35
18        android:testOnly="true"
19        android:theme="@style/AppTheme" >
19-->src/main/AndroidManifest.xml:10:9-40
20        <activity android:name="mooc.vandy.java4android.diamonds.ui.MainActivity" >
20-->src/main/AndroidManifest.xml:11:9-17:20
20-->src/main/AndroidManifest.xml:11:19-82
21            <intent-filter>
21-->src/main/AndroidManifest.xml:12:13-16:29
22                <action android:name="android.intent.action.MAIN" />
22-->src/main/AndroidManifest.xml:13:17-69
22-->src/main/AndroidManifest.xml:13:25-66
23
24                <category android:name="android.intent.category.LAUNCHER" />
24-->src/main/AndroidManifest.xml:15:17-77
24-->src/main/AndroidManifest.xml:15:27-74
25            </intent-filter>
26        </activity>
27    </application>
28
29</manifest>